

Started GET "/assets/rails.png" for 127.0.0.1 at 2013-06-21 17:33:17 +0300
Connecting to database specified by database.yml
Served asset /rails.png - 304 Not Modified (4ms)


Started GET "/assets/rails.png" for 127.0.0.1 at 2013-06-21 17:37:16 +0300
Connecting to database specified by database.yml
Served asset /rails.png - 304 Not Modified (1ms)


Started GET "/" for 127.0.0.1 at 2013-06-21 17:52:06 +0300
Processing by HomeController#index as HTML
  Rendered home/index.html.erb within layouts/application (1.7ms)
Compiled application.css  (0ms)  (pid 46884)
Compiled jquery.js  (2ms)  (pid 46884)
Compiled jquery_ujs.js  (0ms)  (pid 46884)
Compiled application.js  (36ms)  (pid 46884)
Completed 200 OK in 88ms (Views: 87.6ms | ActiveRecord: 0.0ms)


Started GET "/assets/jquery.js?body=1" for 127.0.0.1 at 2013-06-21 17:52:06 +0300
Served asset /jquery.js - 304 Not Modified (5ms)


Started GET "/assets/application.css?body=1" for 127.0.0.1 at 2013-06-21 17:52:06 +0300
Served asset /application.css - 304 Not Modified (1ms)


Started GET "/assets/application.js?body=1" for 127.0.0.1 at 2013-06-21 17:52:06 +0300
Served asset /application.js - 200 OK (16ms)


Started GET "/assets/jquery_ujs.js?body=1" for 127.0.0.1 at 2013-06-21 17:52:06 +0300
Served asset /jquery_ujs.js - 304 Not Modified (1ms)


Started GET "/" for 127.0.0.1 at 2013-06-21 17:52:26 +0300
Processing by HomeController#index as HTML
  Rendered home/index.html.erb within layouts/application (0.3ms)
Completed 200 OK in 4ms (Views: 3.7ms | ActiveRecord: 0.0ms)


Started GET "/assets/jquery.js?body=1" for 127.0.0.1 at 2013-06-21 17:52:26 +0300
Served asset /jquery.js - 304 Not Modified (0ms)


Started GET "/assets/application.css?body=1" for 127.0.0.1 at 2013-06-21 17:52:26 +0300
Served asset /application.css - 304 Not Modified (0ms)


Started GET "/assets/jquery_ujs.js?body=1" for 127.0.0.1 at 2013-06-21 17:52:26 +0300
Served asset /jquery_ujs.js - 304 Not Modified (0ms)


Started GET "/assets/application.js?body=1" for 127.0.0.1 at 2013-06-21 17:52:26 +0300
Served asset /application.js - 304 Not Modified (0ms)


Started GET "/" for 127.0.0.1 at 2013-06-21 17:53:42 +0300
Processing by HomeController#index as HTML
  Rendered home/index.html.erb within layouts/application (0.3ms)
Completed 200 OK in 4ms (Views: 3.4ms | ActiveRecord: 0.0ms)


Started GET "/assets/jquery.js?body=1" for 127.0.0.1 at 2013-06-21 17:53:42 +0300
Served asset /jquery.js - 304 Not Modified (0ms)


Started GET "/assets/application.css?body=1" for 127.0.0.1 at 2013-06-21 17:53:42 +0300
Served asset /application.css - 304 Not Modified (0ms)


Started GET "/assets/jquery_ujs.js?body=1" for 127.0.0.1 at 2013-06-21 17:53:42 +0300
Served asset /jquery_ujs.js - 304 Not Modified (0ms)


Started GET "/assets/application.js?body=1" for 127.0.0.1 at 2013-06-21 17:53:42 +0300
Served asset /application.js - 304 Not Modified (0ms)


Started GET "/" for 127.0.0.1 at 2013-06-21 17:57:12 +0300

AbstractController::ActionNotFound (The action 'sayhello' could not be found for HomeController):
  actionpack (3.2.12) lib/abstract_controller/base.rb:116:in `process'
  actionpack (3.2.12) lib/abstract_controller/rendering.rb:45:in `process'
  actionpack (3.2.12) lib/action_controller/metal.rb:203:in `dispatch'
  actionpack (3.2.12) lib/action_controller/metal/rack_delegation.rb:14:in `dispatch'
  actionpack (3.2.12) lib/action_controller/metal.rb:246:in `block in action'
  actionpack (3.2.12) lib/action_dispatch/routing/route_set.rb:73:in `call'
  actionpack (3.2.12) lib/action_dispatch/routing/route_set.rb:73:in `dispatch'
  actionpack (3.2.12) lib/action_dispatch/routing/route_set.rb:36:in `call'
  journey (1.0.4) lib/journey/router.rb:68:in `block in call'
  journey (1.0.4) lib/journey/router.rb:56:in `each'
  journey (1.0.4) lib/journey/router.rb:56:in `call'
  actionpack (3.2.12) lib/action_dispatch/routing/route_set.rb:601:in `call'
  actionpack (3.2.12) lib/action_dispatch/middleware/best_standards_support.rb:17:in `call'
  rack (1.4.5) lib/rack/etag.rb:23:in `call'
  rack (1.4.5) lib/rack/conditionalget.rb:25:in `call'
  actionpack (3.2.12) lib/action_dispatch/middleware/head.rb:14:in `call'
  actionpack (3.2.12) lib/action_dispatch/middleware/params_parser.rb:21:in `call'
  actionpack (3.2.12) lib/action_dispatch/middleware/flash.rb:242:in `call'
  rack (1.4.5) lib/rack/session/abstract/id.rb:210:in `context'
  rack (1.4.5) lib/rack/session/abstract/id.rb:205:in `call'
  actionpack (3.2.12) lib/action_dispatch/middleware/cookies.rb:341:in `call'
  activerecord (3.2.12) lib/active_record/query_cache.rb:64:in `call'
  activerecord (3.2.12) lib/active_record/connection_adapters/abstract/connection_pool.rb:479:in `call'
  actionpack (3.2.12) lib/action_dispatch/middleware/callbacks.rb:28:in `block in call'
  activesupport (3.2.12) lib/active_support/callbacks.rb:405:in `_run__4607667224507412985__call__1581019362680697388__callbacks'
  activesupport (3.2.12) lib/active_support/callbacks.rb:405:in `__run_callback'
  activesupport (3.2.12) lib/active_support/callbacks.rb:385:in `_run_call_callbacks'
  activesupport (3.2.12) lib/active_support/callbacks.rb:81:in `run_callbacks'
  actionpack (3.2.12) lib/action_dispatch/middleware/callbacks.rb:27:in `call'
  actionpack (3.2.12) lib/action_dispatch/middleware/reloader.rb:65:in `call'
  actionpack (3.2.12) lib/action_dispatch/middleware/remote_ip.rb:31:in `call'
  actionpack (3.2.12) lib/action_dispatch/middleware/debug_exceptions.rb:16:in `call'
  actionpack (3.2.12) lib/action_dispatch/middleware/show_exceptions.rb:56:in `call'
  railties (3.2.12) lib/rails/rack/logger.rb:32:in `call_app'
  railties (3.2.12) lib/rails/rack/logger.rb:16:in `block in call'
  activesupport (3.2.12) lib/active_support/tagged_logging.rb:22:in `tagged'
  railties (3.2.12) lib/rails/rack/logger.rb:16:in `call'
  actionpack (3.2.12) lib/action_dispatch/middleware/request_id.rb:22:in `call'
  rack (1.4.5) lib/rack/methodoverride.rb:21:in `call'
  rack (1.4.5) lib/rack/runtime.rb:17:in `call'
  activesupport (3.2.12) lib/active_support/cache/strategy/local_cache.rb:72:in `call'
  rack (1.4.5) lib/rack/lock.rb:15:in `call'
  actionpack (3.2.12) lib/action_dispatch/middleware/static.rb:62:in `call'
  railties (3.2.12) lib/rails/engine.rb:479:in `call'
  railties (3.2.12) lib/rails/application.rb:223:in `call'
  rack (1.4.5) lib/rack/content_length.rb:14:in `call'
  railties (3.2.12) lib/rails/rack/log_tailer.rb:17:in `call'
  rack (1.4.5) lib/rack/handler/webrick.rb:59:in `service'
  /Users/ambhalla/.rvm/rubies/ruby-1.9.3-p392/lib/ruby/1.9.1/webrick/httpserver.rb:138:in `service'
  /Users/ambhalla/.rvm/rubies/ruby-1.9.3-p392/lib/ruby/1.9.1/webrick/httpserver.rb:94:in `run'
  /Users/ambhalla/.rvm/rubies/ruby-1.9.3-p392/lib/ruby/1.9.1/webrick/server.rb:191:in `block in start_thread'


  Rendered /Users/ambhalla/.rvm/gems/ruby-1.9.3-p392/gems/actionpack-3.2.12/lib/action_dispatch/middleware/templates/rescues/unknown_action.erb within rescues/layout (0.4ms)


Started GET "/" for 127.0.0.1 at 2013-06-21 17:58:22 +0300
Processing by HomeController#sayhello as HTML
  Rendered home/sayhello.html.erb within layouts/application (0.2ms)
Completed 200 OK in 3ms (Views: 3.0ms | ActiveRecord: 0.0ms)


Started GET "/assets/application.css?body=1" for 127.0.0.1 at 2013-06-21 17:58:23 +0300
Served asset /application.css - 304 Not Modified (0ms)


Started GET "/assets/jquery.js?body=1" for 127.0.0.1 at 2013-06-21 17:58:23 +0300
Served asset /jquery.js - 304 Not Modified (0ms)


Started GET "/assets/jquery_ujs.js?body=1" for 127.0.0.1 at 2013-06-21 17:58:23 +0300
Served asset /jquery_ujs.js - 304 Not Modified (0ms)


Started GET "/assets/application.js?body=1" for 127.0.0.1 at 2013-06-21 17:58:23 +0300
Served asset /application.js - 304 Not Modified (0ms)


Started GET "/" for 127.0.0.1 at 2013-06-21 17:58:36 +0300
Processing by HomeController#index as HTML
  Rendered home/index.html.erb within layouts/application (0.2ms)
Completed 200 OK in 3ms (Views: 2.8ms | ActiveRecord: 0.0ms)


Started GET "/assets/application.css?body=1" for 127.0.0.1 at 2013-06-21 17:58:36 +0300
Served asset /application.css - 304 Not Modified (0ms)


Started GET "/assets/jquery.js?body=1" for 127.0.0.1 at 2013-06-21 17:58:36 +0300
Served asset /jquery.js - 304 Not Modified (0ms)


Started GET "/assets/application.js?body=1" for 127.0.0.1 at 2013-06-21 17:58:36 +0300
Served asset /application.js - 304 Not Modified (0ms)


Started GET "/assets/jquery_ujs.js?body=1" for 127.0.0.1 at 2013-06-21 17:58:36 +0300
Served asset /jquery_ujs.js - 304 Not Modified (0ms)


Started GET "/" for 127.0.0.1 at 2013-06-21 18:01:12 +0300
Processing by HomeController#sayhello as HTML
  Rendered home/sayhello.html.erb within layouts/application (0.2ms)
Completed 200 OK in 3ms (Views: 2.8ms | ActiveRecord: 0.0ms)


Started GET "/assets/jquery.js?body=1" for 127.0.0.1 at 2013-06-21 18:01:12 +0300
Served asset /jquery.js - 304 Not Modified (0ms)


Started GET "/assets/application.css?body=1" for 127.0.0.1 at 2013-06-21 18:01:12 +0300
Served asset /application.css - 304 Not Modified (0ms)


Started GET "/assets/jquery_ujs.js?body=1" for 127.0.0.1 at 2013-06-21 18:01:12 +0300
Served asset /jquery_ujs.js - 304 Not Modified (0ms)


Started GET "/assets/application.js?body=1" for 127.0.0.1 at 2013-06-21 18:01:12 +0300
Served asset /application.js - 304 Not Modified (0ms)


Started GET "/" for 127.0.0.1 at 2013-06-21 18:03:17 +0300
Processing by HomeController#sayhello as HTML
  Rendered home/sayhello.html.erb within layouts/application (0.0ms)
Completed 200 OK in 3ms (Views: 2.6ms | ActiveRecord: 0.0ms)


Started GET "/assets/jquery.js?body=1" for 127.0.0.1 at 2013-06-21 18:03:18 +0300
Served asset /jquery.js - 304 Not Modified (0ms)


Started GET "/assets/application.css?body=1" for 127.0.0.1 at 2013-06-21 18:03:18 +0300
Served asset /application.css - 304 Not Modified (0ms)


Started GET "/assets/jquery_ujs.js?body=1" for 127.0.0.1 at 2013-06-21 18:03:18 +0300
Served asset /jquery_ujs.js - 304 Not Modified (0ms)


Started GET "/assets/application.js?body=1" for 127.0.0.1 at 2013-06-21 18:03:18 +0300
Served asset /application.js - 304 Not Modified (0ms)


Started GET "/" for 127.0.0.1 at 2013-06-21 18:05:38 +0300
Processing by HomeController#index as HTML
  Rendered home/index.html.erb within layouts/application (0.0ms)
Completed 200 OK in 3ms (Views: 2.7ms | ActiveRecord: 0.0ms)


Started GET "/assets/application.css?body=1" for 127.0.0.1 at 2013-06-21 18:05:38 +0300
Served asset /application.css - 304 Not Modified (0ms)


Started GET "/assets/jquery.js?body=1" for 127.0.0.1 at 2013-06-21 18:05:38 +0300
Served asset /jquery.js - 304 Not Modified (0ms)


Started GET "/assets/jquery_ujs.js?body=1" for 127.0.0.1 at 2013-06-21 18:05:38 +0300
Served asset /jquery_ujs.js - 304 Not Modified (0ms)


Started GET "/assets/application.js?body=1" for 127.0.0.1 at 2013-06-21 18:05:38 +0300
Served asset /application.js - 304 Not Modified (0ms)


Started GET "/" for 127.0.0.1 at 2013-06-21 18:05:45 +0300
Processing by HomeController#index as HTML
  Rendered home/index.html.erb within layouts/application (0.0ms)
Completed 200 OK in 3ms (Views: 2.8ms | ActiveRecord: 0.0ms)


Started GET "/assets/jquery.js?body=1" for 127.0.0.1 at 2013-06-21 18:05:45 +0300
Served asset /jquery.js - 304 Not Modified (0ms)


Started GET "/assets/application.js?body=1" for 127.0.0.1 at 2013-06-21 18:05:46 +0300
Served asset /application.js - 304 Not Modified (0ms)


Started GET "/assets/application.css?body=1" for 127.0.0.1 at 2013-06-21 18:05:46 +0300
Served asset /application.css - 304 Not Modified (0ms)


Started GET "/assets/jquery_ujs.js?body=1" for 127.0.0.1 at 2013-06-21 18:05:46 +0300
Served asset /jquery_ujs.js - 304 Not Modified (0ms)


Started GET "/sayhello" for 127.0.0.1 at 2013-06-21 18:05:56 +0300
Processing by HomeController#sayhello as HTML
  Rendered home/sayhello.html.erb within layouts/application (0.0ms)
Completed 200 OK in 3ms (Views: 2.7ms | ActiveRecord: 0.0ms)


Started GET "/assets/application.css?body=1" for 127.0.0.1 at 2013-06-21 18:05:56 +0300
Served asset /application.css - 304 Not Modified (0ms)


Started GET "/assets/jquery.js?body=1" for 127.0.0.1 at 2013-06-21 18:05:56 +0300
Served asset /jquery.js - 304 Not Modified (0ms)


Started GET "/assets/application.js?body=1" for 127.0.0.1 at 2013-06-21 18:05:56 +0300
Served asset /application.js - 304 Not Modified (0ms)


Started GET "/assets/jquery_ujs.js?body=1" for 127.0.0.1 at 2013-06-21 18:05:56 +0300
Served asset /jquery_ujs.js - 304 Not Modified (0ms)


Started GET "/" for 127.0.0.1 at 2013-06-21 18:06:43 +0300
Processing by HomeController#index as HTML
  Rendered home/index.html.erb within layouts/application (0.0ms)
Completed 200 OK in 3ms (Views: 2.6ms | ActiveRecord: 0.0ms)


Started GET "/assets/application.css?body=1" for 127.0.0.1 at 2013-06-21 18:06:43 +0300
Served asset /application.css - 304 Not Modified (0ms)


Started GET "/assets/jquery_ujs.js?body=1" for 127.0.0.1 at 2013-06-21 18:06:43 +0300
Served asset /jquery_ujs.js - 304 Not Modified (0ms)


Started GET "/assets/application.js?body=1" for 127.0.0.1 at 2013-06-21 18:06:43 +0300
Served asset /application.js - 304 Not Modified (0ms)


Started GET "/assets/jquery.js?body=1" for 127.0.0.1 at 2013-06-21 18:06:43 +0300
Served asset /jquery.js - 304 Not Modified (0ms)


Started GET "/" for 127.0.0.1 at 2013-06-21 18:09:18 +0300
Processing by HomeController#index as HTML
  Rendered home/index.html.erb within layouts/application (0.5ms)
Completed 200 OK in 5ms (Views: 4.4ms | ActiveRecord: 0.0ms)


Started GET "/assets/application.css?body=1" for 127.0.0.1 at 2013-06-21 18:09:18 +0300
Served asset /application.css - 304 Not Modified (0ms)


Started GET "/assets/jquery.js?body=1" for 127.0.0.1 at 2013-06-21 18:09:18 +0300
Served asset /jquery.js - 304 Not Modified (0ms)


Started GET "/assets/jquery_ujs.js?body=1" for 127.0.0.1 at 2013-06-21 18:09:18 +0300
Served asset /jquery_ujs.js - 304 Not Modified (0ms)


Started GET "/assets/application.js?body=1" for 127.0.0.1 at 2013-06-21 18:09:18 +0300
Served asset /application.js - 304 Not Modified (0ms)


Started GET "/" for 127.0.0.1 at 2013-06-21 18:10:18 +0300
Processing by HomeController#index as HTML
  Rendered home/index.html.erb within layouts/application (0.4ms)
Completed 200 OK in 3ms (Views: 3.2ms | ActiveRecord: 0.0ms)


Started GET "/assets/application.css?body=1" for 127.0.0.1 at 2013-06-21 18:10:18 +0300
Served asset /application.css - 304 Not Modified (0ms)


Started GET "/assets/jquery_ujs.js?body=1" for 127.0.0.1 at 2013-06-21 18:10:18 +0300
Served asset /jquery_ujs.js - 304 Not Modified (0ms)


Started GET "/assets/jquery.js?body=1" for 127.0.0.1 at 2013-06-21 18:10:18 +0300
Served asset /jquery.js - 304 Not Modified (0ms)


Started GET "/assets/application.js?body=1" for 127.0.0.1 at 2013-06-21 18:10:18 +0300
Served asset /application.js - 304 Not Modified (0ms)


Started GET "/" for 127.0.0.1 at 2013-06-21 18:10:45 +0300
Processing by HomeController#index as HTML
  Rendered home/index.html.erb within layouts/application (0.1ms)
Completed 200 OK in 3ms (Views: 2.8ms | ActiveRecord: 0.0ms)


Started GET "/assets/application.css?body=1" for 127.0.0.1 at 2013-06-21 18:10:45 +0300
Served asset /application.css - 304 Not Modified (0ms)


Started GET "/assets/jquery.js?body=1" for 127.0.0.1 at 2013-06-21 18:10:45 +0300
Served asset /jquery.js - 304 Not Modified (0ms)


Started GET "/assets/application.js?body=1" for 127.0.0.1 at 2013-06-21 18:10:45 +0300
Served asset /application.js - 304 Not Modified (0ms)


Started GET "/assets/jquery_ujs.js?body=1" for 127.0.0.1 at 2013-06-21 18:10:45 +0300
Served asset /jquery_ujs.js - 304 Not Modified (0ms)


Started GET "/" for 127.0.0.1 at 2013-06-21 18:10:46 +0300
Processing by HomeController#index as HTML
  Rendered home/index.html.erb within layouts/application (0.1ms)
Completed 200 OK in 3ms (Views: 3.2ms | ActiveRecord: 0.0ms)


Started GET "/assets/application.css?body=1" for 127.0.0.1 at 2013-06-21 18:10:46 +0300
Served asset /application.css - 304 Not Modified (0ms)


Started GET "/assets/jquery.js?body=1" for 127.0.0.1 at 2013-06-21 18:10:46 +0300
Served asset /jquery.js - 304 Not Modified (0ms)


Started GET "/assets/application.js?body=1" for 127.0.0.1 at 2013-06-21 18:10:46 +0300
Served asset /application.js - 304 Not Modified (0ms)


Started GET "/assets/jquery_ujs.js?body=1" for 127.0.0.1 at 2013-06-21 18:10:46 +0300
Served asset /jquery_ujs.js - 304 Not Modified (0ms)


Started GET "/" for 127.0.0.1 at 2013-06-21 18:10:47 +0300
Processing by HomeController#index as HTML
  Rendered home/index.html.erb within layouts/application (0.1ms)
Completed 200 OK in 3ms (Views: 3.1ms | ActiveRecord: 0.0ms)


Started GET "/assets/application.css?body=1" for 127.0.0.1 at 2013-06-21 18:10:47 +0300
Served asset /application.css - 304 Not Modified (0ms)


Started GET "/assets/jquery_ujs.js?body=1" for 127.0.0.1 at 2013-06-21 18:10:47 +0300
Served asset /jquery_ujs.js - 304 Not Modified (0ms)


Started GET "/assets/application.js?body=1" for 127.0.0.1 at 2013-06-21 18:10:47 +0300
Served asset /application.js - 304 Not Modified (0ms)


Started GET "/assets/jquery.js?body=1" for 127.0.0.1 at 2013-06-21 18:10:47 +0300
Served asset /jquery.js - 304 Not Modified (0ms)


Started GET "/" for 127.0.0.1 at 2013-06-21 18:10:48 +0300
Processing by HomeController#index as HTML
  Rendered home/index.html.erb within layouts/application (0.1ms)
Completed 200 OK in 3ms (Views: 2.9ms | ActiveRecord: 0.0ms)


Started GET "/assets/jquery.js?body=1" for 127.0.0.1 at 2013-06-21 18:10:48 +0300
Served asset /jquery.js - 304 Not Modified (0ms)


Started GET "/assets/jquery_ujs.js?body=1" for 127.0.0.1 at 2013-06-21 18:10:48 +0300
Served asset /jquery_ujs.js - 304 Not Modified (0ms)


Started GET "/assets/application.css?body=1" for 127.0.0.1 at 2013-06-21 18:10:48 +0300
Served asset /application.css - 304 Not Modified (0ms)


Started GET "/assets/application.js?body=1" for 127.0.0.1 at 2013-06-21 18:10:48 +0300
Served asset /application.js - 304 Not Modified (0ms)


Started GET "/" for 127.0.0.1 at 2013-06-21 18:10:48 +0300
Processing by HomeController#index as HTML
  Rendered home/index.html.erb within layouts/application (0.1ms)
Completed 200 OK in 3ms (Views: 2.8ms | ActiveRecord: 0.0ms)


Started GET "/assets/application.css?body=1" for 127.0.0.1 at 2013-06-21 18:10:48 +0300
Served asset /application.css - 304 Not Modified (0ms)


Started GET "/assets/jquery.js?body=1" for 127.0.0.1 at 2013-06-21 18:10:48 +0300
Served asset /jquery.js - 304 Not Modified (0ms)


Started GET "/assets/jquery_ujs.js?body=1" for 127.0.0.1 at 2013-06-21 18:10:48 +0300
Served asset /jquery_ujs.js - 304 Not Modified (0ms)


Started GET "/assets/application.js?body=1" for 127.0.0.1 at 2013-06-21 18:10:48 +0300
Served asset /application.js - 304 Not Modified (0ms)


Started GET "/" for 127.0.0.1 at 2013-06-21 18:10:49 +0300
Processing by HomeController#index as HTML
  Rendered home/index.html.erb within layouts/application (0.1ms)
Completed 200 OK in 4ms (Views: 4.1ms | ActiveRecord: 0.0ms)


Started GET "/assets/application.css?body=1" for 127.0.0.1 at 2013-06-21 18:10:49 +0300
Served asset /application.css - 304 Not Modified (0ms)


Started GET "/assets/application.js?body=1" for 127.0.0.1 at 2013-06-21 18:10:49 +0300
Served asset /application.js - 304 Not Modified (0ms)


Started GET "/assets/jquery_ujs.js?body=1" for 127.0.0.1 at 2013-06-21 18:10:49 +0300
Served asset /jquery_ujs.js - 304 Not Modified (0ms)


Started GET "/assets/jquery.js?body=1" for 127.0.0.1 at 2013-06-21 18:10:49 +0300
Served asset /jquery.js - 304 Not Modified (0ms)


Started GET "/" for 127.0.0.1 at 2013-06-21 18:10:50 +0300
Processing by HomeController#index as HTML
  Rendered home/index.html.erb within layouts/application (0.1ms)
Completed 200 OK in 3ms (Views: 3.1ms | ActiveRecord: 0.0ms)


Started GET "/assets/application.css?body=1" for 127.0.0.1 at 2013-06-21 18:10:50 +0300
Served asset /application.css - 304 Not Modified (0ms)


Started GET "/assets/application.js?body=1" for 127.0.0.1 at 2013-06-21 18:10:50 +0300
Served asset /application.js - 304 Not Modified (0ms)


Started GET "/assets/jquery.js?body=1" for 127.0.0.1 at 2013-06-21 18:10:50 +0300
Served asset /jquery.js - 304 Not Modified (0ms)


Started GET "/assets/jquery_ujs.js?body=1" for 127.0.0.1 at 2013-06-21 18:10:50 +0300
Served asset /jquery_ujs.js - 304 Not Modified (0ms)


Started GET "/" for 127.0.0.1 at 2013-06-21 18:10:56 +0300
Processing by HomeController#index as HTML
  Rendered home/index.html.erb within layouts/application (0.1ms)
Completed 200 OK in 3ms (Views: 2.9ms | ActiveRecord: 0.0ms)


Started GET "/assets/application.css?body=1" for 127.0.0.1 at 2013-06-21 18:10:56 +0300
Served asset /application.css - 304 Not Modified (0ms)


Started GET "/assets/jquery.js?body=1" for 127.0.0.1 at 2013-06-21 18:10:56 +0300
Served asset /jquery.js - 304 Not Modified (0ms)


Started GET "/assets/jquery_ujs.js?body=1" for 127.0.0.1 at 2013-06-21 18:10:56 +0300
Served asset /jquery_ujs.js - 304 Not Modified (0ms)


Started GET "/assets/application.js?body=1" for 127.0.0.1 at 2013-06-21 18:10:56 +0300
Served asset /application.js - 304 Not Modified (0ms)


Started GET "/" for 127.0.0.1 at 2013-06-21 18:12:03 +0300
Processing by HomeController#index as HTML
  Rendered home/index.html.erb within layouts/application (0.4ms)
Completed 200 OK in 3ms (Views: 3.1ms | ActiveRecord: 0.0ms)


Started GET "/assets/application.js?body=1" for 127.0.0.1 at 2013-06-21 18:12:03 +0300
Served asset /application.js - 304 Not Modified (0ms)


Started GET "/assets/application.css?body=1" for 127.0.0.1 at 2013-06-21 18:12:03 +0300
Served asset /application.css - 304 Not Modified (0ms)


Started GET "/assets/jquery.js?body=1" for 127.0.0.1 at 2013-06-21 18:12:03 +0300
Served asset /jquery.js - 304 Not Modified (0ms)


Started GET "/assets/jquery_ujs.js?body=1" for 127.0.0.1 at 2013-06-21 18:12:03 +0300
Served asset /jquery_ujs.js - 304 Not Modified (0ms)


Started GET "/" for 127.0.0.1 at 2013-06-21 18:12:46 +0300
Processing by HomeController#index as HTML
  Rendered home/index.html.erb within layouts/application (0.4ms)
Completed 200 OK in 4ms (Views: 3.5ms | ActiveRecord: 0.0ms)


Started GET "/assets/application.css?body=1" for 127.0.0.1 at 2013-06-21 18:12:46 +0300
Served asset /application.css - 304 Not Modified (0ms)


Started GET "/assets/jquery.js?body=1" for 127.0.0.1 at 2013-06-21 18:12:46 +0300
Served asset /jquery.js - 304 Not Modified (0ms)


Started GET "/assets/jquery_ujs.js?body=1" for 127.0.0.1 at 2013-06-21 18:12:46 +0300
Served asset /jquery_ujs.js - 304 Not Modified (0ms)


Started GET "/assets/application.js?body=1" for 127.0.0.1 at 2013-06-21 18:12:46 +0300
Served asset /application.js - 304 Not Modified (0ms)


Started GET "/" for 127.0.0.1 at 2013-06-21 18:14:36 +0300
Processing by HomeController#index as HTML
  Rendered home/index.html.erb within layouts/application (0.4ms)
Completed 200 OK in 3ms (Views: 3.3ms | ActiveRecord: 0.0ms)


Started GET "/assets/jquery.js?body=1" for 127.0.0.1 at 2013-06-21 18:14:36 +0300
Served asset /jquery.js - 304 Not Modified (0ms)


Started GET "/assets/jquery_ujs.js?body=1" for 127.0.0.1 at 2013-06-21 18:14:36 +0300
Served asset /jquery_ujs.js - 304 Not Modified (0ms)


Started GET "/assets/application.js?body=1" for 127.0.0.1 at 2013-06-21 18:14:36 +0300
Served asset /application.js - 304 Not Modified (0ms)


Started GET "/assets/application.css?body=1" for 127.0.0.1 at 2013-06-21 18:14:36 +0300
Served asset /application.css - 304 Not Modified (0ms)


Started GET "/" for 127.0.0.1 at 2013-06-21 18:15:16 +0300
Processing by HomeController#index as HTML
  Rendered home/index.html.erb within layouts/application (0.4ms)
Completed 200 OK in 3ms (Views: 3.2ms | ActiveRecord: 0.0ms)


Started GET "/assets/jquery_ujs.js?body=1" for 127.0.0.1 at 2013-06-21 18:15:16 +0300
Served asset /jquery_ujs.js - 304 Not Modified (0ms)


Started GET "/assets/jquery.js?body=1" for 127.0.0.1 at 2013-06-21 18:15:16 +0300
Served asset /jquery.js - 304 Not Modified (0ms)


Started GET "/assets/application.css?body=1" for 127.0.0.1 at 2013-06-21 18:15:16 +0300
Served asset /application.css - 304 Not Modified (0ms)


Started GET "/assets/application.js?body=1" for 127.0.0.1 at 2013-06-21 18:15:16 +0300
Served asset /application.js - 304 Not Modified (0ms)


Started GET "/" for 127.0.0.1 at 2013-06-21 18:23:20 +0300
Processing by HomeController#index as HTML
  Rendered home/index.html.erb within layouts/application (11.5ms)
Completed 500 Internal Server Error in 13ms

ActionView::Template::Error (undefined local variable or method `message' for #<#<Class:0x007f94fad77d00>:0x007f94fad75050>):
    2: <h2>app/views/home/index.html.erb</h2>
    3: 
    4: <h1>
    5:   <%= message %>
    6: </h1>
  app/views/home/index.html.erb:5:in `_app_views_home_index_html_erb___1815013088074330480_70138920148820'


  Rendered /Users/ambhalla/.rvm/gems/ruby-1.9.3-p392/gems/actionpack-3.2.12/lib/action_dispatch/middleware/templates/rescues/_trace.erb (1.1ms)
  Rendered /Users/ambhalla/.rvm/gems/ruby-1.9.3-p392/gems/actionpack-3.2.12/lib/action_dispatch/middleware/templates/rescues/_request_and_response.erb (0.8ms)
  Rendered /Users/ambhalla/.rvm/gems/ruby-1.9.3-p392/gems/actionpack-3.2.12/lib/action_dispatch/middleware/templates/rescues/template_error.erb within rescues/layout (8.2ms)


Started GET "/" for 127.0.0.1 at 2013-06-21 18:24:09 +0300
Processing by HomeController#index as HTML
  Rendered home/index.html.erb within layouts/application (0.3ms)
Completed 200 OK in 19ms (Views: 18.6ms | ActiveRecord: 0.0ms)


Started GET "/assets/jquery.js?body=1" for 127.0.0.1 at 2013-06-21 18:24:09 +0300
Served asset /jquery.js - 304 Not Modified (0ms)


Started GET "/assets/application.js?body=1" for 127.0.0.1 at 2013-06-21 18:24:09 +0300
Served asset /application.js - 304 Not Modified (0ms)


Started GET "/assets/jquery_ujs.js?body=1" for 127.0.0.1 at 2013-06-21 18:24:09 +0300
Served asset /jquery_ujs.js - 304 Not Modified (0ms)


Started GET "/assets/application.css?body=1" for 127.0.0.1 at 2013-06-21 18:24:09 +0300
Served asset /application.css - 304 Not Modified (0ms)


Started GET "/" for 127.0.0.1 at 2013-06-22 09:28:32 +0300
Connecting to database specified by database.yml
Processing by HomeController#index as HTML
  Rendered home/index.html.erb within layouts/application (2.2ms)
Completed 200 OK in 20ms (Views: 19.5ms | ActiveRecord: 0.0ms)


Started GET "/assets/jquery.js?body=1" for 127.0.0.1 at 2013-06-22 09:28:33 +0300
Served asset /jquery.js - 304 Not Modified (3ms)


Started GET "/assets/jquery_ujs.js?body=1" for 127.0.0.1 at 2013-06-22 09:28:33 +0300
Served asset /jquery_ujs.js - 304 Not Modified (1ms)


Started GET "/assets/application.css?body=1" for 127.0.0.1 at 2013-06-22 09:28:33 +0300
Served asset /application.css - 304 Not Modified (1ms)


Started GET "/assets/application.js?body=1" for 127.0.0.1 at 2013-06-22 09:28:33 +0300
Served asset /application.js - 304 Not Modified (3ms)


Started GET "/sayhello" for 127.0.0.1 at 2013-06-22 09:28:41 +0300
Processing by HomeController#sayhello as HTML
  Rendered home/sayhello.html.erb within layouts/application (0.3ms)
Completed 200 OK in 4ms (Views: 3.3ms | ActiveRecord: 0.0ms)


Started GET "/assets/jquery_ujs.js?body=1" for 127.0.0.1 at 2013-06-22 09:28:41 +0300
Served asset /jquery_ujs.js - 304 Not Modified (0ms)


Started GET "/assets/application.js?body=1" for 127.0.0.1 at 2013-06-22 09:28:41 +0300
Served asset /application.js - 304 Not Modified (0ms)


Started GET "/assets/application.css?body=1" for 127.0.0.1 at 2013-06-22 09:28:41 +0300
Served asset /application.css - 304 Not Modified (0ms)


Started GET "/assets/jquery.js?body=1" for 127.0.0.1 at 2013-06-22 09:28:41 +0300
Served asset /jquery.js - 304 Not Modified (0ms)


Started GET "/" for 127.0.0.1 at 2013-07-05 17:43:05 +0300
Connecting to database specified by database.yml
Processing by HomeController#index as HTML
  Rendered home/index.html.erb within layouts/application (2.5ms)
Compiled jquery.js  (3ms)  (pid 45318)
Compiled jquery_ujs.js  (0ms)  (pid 45318)
Compiled application.js  (31ms)  (pid 45318)
Completed 200 OK in 89ms (Views: 88.3ms | ActiveRecord: 0.0ms)


Started GET "/assets/jquery.js?body=1" for 127.0.0.1 at 2013-07-05 17:43:05 +0300
Served asset /jquery.js - 200 OK (4ms)


Started GET "/assets/jquery_ujs.js?body=1" for 127.0.0.1 at 2013-07-05 17:43:05 +0300
Served asset /jquery_ujs.js - 200 OK (2ms)


Started GET "/assets/application.css?body=1" for 127.0.0.1 at 2013-07-05 17:43:05 +0300
Served asset /application.css - 200 OK (2ms)


Started GET "/assets/application.js?body=1" for 127.0.0.1 at 2013-07-05 17:43:05 +0300
Served asset /application.js - 200 OK (5ms)


Started GET "/solution" for 127.0.0.1 at 2013-07-05 17:52:17 +0300

ActionController::RoutingError (No route matches [GET] "/solution"):
  actionpack (3.2.12) lib/action_dispatch/middleware/debug_exceptions.rb:21:in `call'
  actionpack (3.2.12) lib/action_dispatch/middleware/show_exceptions.rb:56:in `call'
  railties (3.2.12) lib/rails/rack/logger.rb:32:in `call_app'
  railties (3.2.12) lib/rails/rack/logger.rb:16:in `block in call'
  activesupport (3.2.12) lib/active_support/tagged_logging.rb:22:in `tagged'
  railties (3.2.12) lib/rails/rack/logger.rb:16:in `call'
  actionpack (3.2.12) lib/action_dispatch/middleware/request_id.rb:22:in `call'
  rack (1.4.5) lib/rack/methodoverride.rb:21:in `call'
  rack (1.4.5) lib/rack/runtime.rb:17:in `call'
  activesupport (3.2.12) lib/active_support/cache/strategy/local_cache.rb:72:in `call'
  rack (1.4.5) lib/rack/lock.rb:15:in `call'
  actionpack (3.2.12) lib/action_dispatch/middleware/static.rb:62:in `call'
  railties (3.2.12) lib/rails/engine.rb:479:in `call'
  railties (3.2.12) lib/rails/application.rb:223:in `call'
  rack (1.4.5) lib/rack/content_length.rb:14:in `call'
  railties (3.2.12) lib/rails/rack/log_tailer.rb:17:in `call'
  rack (1.4.5) lib/rack/handler/webrick.rb:59:in `service'
  /Users/ctford/.rvm/rubies/ruby-1.9.3-p385/lib/ruby/1.9.1/webrick/httpserver.rb:138:in `service'
  /Users/ctford/.rvm/rubies/ruby-1.9.3-p385/lib/ruby/1.9.1/webrick/httpserver.rb:94:in `run'
  /Users/ctford/.rvm/rubies/ruby-1.9.3-p385/lib/ruby/1.9.1/webrick/server.rb:191:in `block in start_thread'


  Rendered /Users/ctford/.rvm/gems/ruby-1.9.3-p385/gems/actionpack-3.2.12/lib/action_dispatch/middleware/templates/rescues/routing_error.erb within rescues/layout (0.9ms)


Started GET "/sayhello" for 127.0.0.1 at 2013-07-05 17:52:18 +0300
Processing by HomeController#sayhello as HTML
  Rendered home/sayhello.html.erb within layouts/application (0.5ms)
Completed 200 OK in 7ms (Views: 6.3ms | ActiveRecord: 0.0ms)


Started GET "/assets/jquery.js?body=1" for 127.0.0.1 at 2013-07-05 17:52:18 +0300
Served asset /jquery.js - 304 Not Modified (0ms)


Started GET "/assets/jquery_ujs.js?body=1" for 127.0.0.1 at 2013-07-05 17:52:18 +0300
Served asset /jquery_ujs.js - 304 Not Modified (0ms)


Started GET "/assets/application.js?body=1" for 127.0.0.1 at 2013-07-05 17:52:18 +0300
Served asset /application.js - 304 Not Modified (0ms)


Started GET "/sayhello" for 127.0.0.1 at 2013-07-05 17:54:46 +0300
Processing by HomeController#sayhello as HTML
  Rendered home/sayhello.html.erb within layouts/application (0.3ms)
Completed 200 OK in 4ms (Views: 3.9ms | ActiveRecord: 0.0ms)


Started GET "/assets/jquery.js?body=1" for 127.0.0.1 at 2013-07-05 17:54:46 +0300
Served asset /jquery.js - 304 Not Modified (0ms)


Started GET "/assets/jquery_ujs.js?body=1" for 127.0.0.1 at 2013-07-05 17:54:46 +0300
Served asset /jquery_ujs.js - 304 Not Modified (0ms)


Started GET "/assets/application.js?body=1" for 127.0.0.1 at 2013-07-05 17:54:46 +0300
Served asset /application.js - 304 Not Modified (0ms)


Started GET "/sayhello" for 127.0.0.1 at 2013-07-05 17:55:13 +0300
Processing by HomeController#sayhello as HTML
  Rendered home/sayhello.html.erb within layouts/application (0.3ms)
Completed 200 OK in 5ms (Views: 5.1ms | ActiveRecord: 0.0ms)


Started GET "/assets/jquery.js?body=1" for 127.0.0.1 at 2013-07-05 17:55:13 +0300
Served asset /jquery.js - 304 Not Modified (0ms)


Started GET "/assets/application.js?body=1" for 127.0.0.1 at 2013-07-05 17:55:13 +0300
Served asset /application.js - 304 Not Modified (0ms)


Started GET "/assets/jquery_ujs.js?body=1" for 127.0.0.1 at 2013-07-05 17:55:13 +0300
Served asset /jquery_ujs.js - 304 Not Modified (0ms)


Started GET "/" for 127.0.0.1 at 2013-07-05 18:05:55 +0300
Processing by HomeController#index as HTML
  Rendered home/index.html.erb within layouts/application (0.1ms)
Completed 200 OK in 4ms (Views: 3.8ms | ActiveRecord: 0.0ms)


Started GET "/assets/jquery.js?body=1" for 127.0.0.1 at 2013-07-05 18:05:55 +0300
Served asset /jquery.js - 304 Not Modified (0ms)


Started GET "/assets/jquery_ujs.js?body=1" for 127.0.0.1 at 2013-07-05 18:05:55 +0300
Served asset /jquery_ujs.js - 304 Not Modified (0ms)


Started GET "/assets/application.js?body=1" for 127.0.0.1 at 2013-07-05 18:05:55 +0300
Served asset /application.js - 304 Not Modified (0ms)


Started GET "/" for 127.0.0.1 at 2013-07-05 18:08:00 +0300
Processing by HomeController#index as HTML
  Rendered home/index.html.erb within layouts/application (0.0ms)
Completed 200 OK in 3ms (Views: 3.1ms | ActiveRecord: 0.0ms)


Started GET "/assets/jquery.js?body=1" for 127.0.0.1 at 2013-07-05 18:08:00 +0300
Served asset /jquery.js - 304 Not Modified (0ms)


Started GET "/assets/application.js?body=1" for 127.0.0.1 at 2013-07-05 18:08:00 +0300
Served asset /application.js - 304 Not Modified (0ms)


Started GET "/assets/jquery_ujs.js?body=1" for 127.0.0.1 at 2013-07-05 18:08:00 +0300
Served asset /jquery_ujs.js - 304 Not Modified (0ms)


Started GET "/" for 127.0.0.1 at 2013-07-05 18:09:20 +0300
Processing by HomeController#index as HTML
  Rendered home/index.html.erb within layouts/application (0.1ms)
Completed 200 OK in 5ms (Views: 4.2ms | ActiveRecord: 0.0ms)


Started GET "/assets/jquery.js?body=1" for 127.0.0.1 at 2013-07-05 18:09:20 +0300
Served asset /jquery.js - 304 Not Modified (0ms)


Started GET "/assets/application.js?body=1" for 127.0.0.1 at 2013-07-05 18:09:20 +0300
Served asset /application.js - 304 Not Modified (0ms)


Started GET "/assets/jquery_ujs.js?body=1" for 127.0.0.1 at 2013-07-05 18:09:20 +0300
Served asset /jquery_ujs.js - 304 Not Modified (0ms)


Started GET "/solution" for 127.0.0.1 at 2013-07-05 18:26:42 +0300

ActionController::RoutingError (No route matches [GET] "/solution"):
  actionpack (3.2.12) lib/action_dispatch/middleware/debug_exceptions.rb:21:in `call'
  actionpack (3.2.12) lib/action_dispatch/middleware/show_exceptions.rb:56:in `call'
  railties (3.2.12) lib/rails/rack/logger.rb:32:in `call_app'
  railties (3.2.12) lib/rails/rack/logger.rb:16:in `block in call'
  activesupport (3.2.12) lib/active_support/tagged_logging.rb:22:in `tagged'
  railties (3.2.12) lib/rails/rack/logger.rb:16:in `call'
  actionpack (3.2.12) lib/action_dispatch/middleware/request_id.rb:22:in `call'
  rack (1.4.5) lib/rack/methodoverride.rb:21:in `call'
  rack (1.4.5) lib/rack/runtime.rb:17:in `call'
  activesupport (3.2.12) lib/active_support/cache/strategy/local_cache.rb:72:in `call'
  rack (1.4.5) lib/rack/lock.rb:15:in `call'
  actionpack (3.2.12) lib/action_dispatch/middleware/static.rb:62:in `call'
  railties (3.2.12) lib/rails/engine.rb:479:in `call'
  railties (3.2.12) lib/rails/application.rb:223:in `call'
  rack (1.4.5) lib/rack/content_length.rb:14:in `call'
  railties (3.2.12) lib/rails/rack/log_tailer.rb:17:in `call'
  rack (1.4.5) lib/rack/handler/webrick.rb:59:in `service'
  /Users/ctford/.rvm/rubies/ruby-1.9.3-p385/lib/ruby/1.9.1/webrick/httpserver.rb:138:in `service'
  /Users/ctford/.rvm/rubies/ruby-1.9.3-p385/lib/ruby/1.9.1/webrick/httpserver.rb:94:in `run'
  /Users/ctford/.rvm/rubies/ruby-1.9.3-p385/lib/ruby/1.9.1/webrick/server.rb:191:in `block in start_thread'


  Rendered /Users/ctford/.rvm/gems/ruby-1.9.3-p385/gems/actionpack-3.2.12/lib/action_dispatch/middleware/templates/rescues/routing_error.erb within rescues/layout (0.6ms)


Started GET "/sayhello/to/chris" for 127.0.0.1 at 2013-07-05 18:26:45 +0300
Processing by SayHelloController#say_hello_to as HTML
  Parameters: {"name"=>"chris"}
  Rendered say_hello/_some_partial.html.erb (0.4ms)
  Rendered shared/_shared_partial.html.erb (0.4ms)
  Rendered shared/_shared_partial.html.erb (0.0ms)
  Rendered say_hello/_partial_with_variables.html.erb (0.4ms)
  Rendered say_hello/say_hello.html.erb within layouts/application (41.5ms)
Completed 200 OK in 47ms (Views: 46.1ms | ActiveRecord: 0.0ms)


Started GET "/assets/jquery_ujs.js?body=1" for 127.0.0.1 at 2013-07-05 18:26:45 +0300
Served asset /jquery_ujs.js - 304 Not Modified (0ms)


Started GET "/assets/jquery.js?body=1" for 127.0.0.1 at 2013-07-05 18:26:45 +0300
Served asset /jquery.js - 304 Not Modified (0ms)


Started GET "/assets/application.js?body=1" for 127.0.0.1 at 2013-07-05 18:26:45 +0300
Served asset /application.js - 304 Not Modified (0ms)


Started GET "/sayhello/to/chris" for 127.0.0.1 at 2013-07-05 18:28:13 +0300
Processing by SayHelloController#say_hello_to as HTML
  Parameters: {"name"=>"chris"}
  Rendered say_hello/_some_partial.html.erb (0.1ms)
  Rendered shared/_shared_partial.html.erb (0.0ms)
  Rendered shared/_shared_partial.html.erb (0.0ms)
  Rendered say_hello/_partial_with_variables.html.erb (0.1ms)
  Rendered say_hello/say_hello.html.erb within layouts/application (5.7ms)
Completed 200 OK in 11ms (Views: 10.5ms | ActiveRecord: 0.0ms)


Started GET "/assets/jquery.js?body=1" for 127.0.0.1 at 2013-07-05 18:28:13 +0300
Served asset /jquery.js - 304 Not Modified (0ms)


Started GET "/assets/jquery_ujs.js?body=1" for 127.0.0.1 at 2013-07-05 18:28:13 +0300
Served asset /jquery_ujs.js - 304 Not Modified (0ms)


Started GET "/assets/application.js?body=1" for 127.0.0.1 at 2013-07-05 18:28:13 +0300
Served asset /application.js - 304 Not Modified (0ms)


Started GET "/sayhello/to/chris" for 127.0.0.1 at 2013-07-05 18:28:39 +0300
Processing by SayHelloController#say_hello_to as HTML
  Parameters: {"name"=>"chris"}
  Rendered say_hello/say_hello.html.erb within layouts/application (9.1ms)
Completed 500 Internal Server Error in 11ms

ActionView::Template::Error (undefined method `+' for nil:NilClass):
    4: <!-- i can create variables, and not show them -->
    5: <h2>a = Time.now</h2>
    6: <!-- and i can manipulate then, and only show the result when I choose to ...  -->
    7: <h2><% a = a + 10.days %></h2>
    8: <h2>time -> <%= a%></h2>
    9: 
    10: 
  app/views/say_hello/say_hello.html.erb:7:in `_app_views_say_hello_say_hello_html_erb__2115464513887582761_70170330597860'
  app/controllers/say_hello_controller.rb:5:in `say_hello_to'


  Rendered /Users/ctford/.rvm/gems/ruby-1.9.3-p385/gems/actionpack-3.2.12/lib/action_dispatch/middleware/templates/rescues/_trace.erb (1.3ms)
  Rendered /Users/ctford/.rvm/gems/ruby-1.9.3-p385/gems/actionpack-3.2.12/lib/action_dispatch/middleware/templates/rescues/_request_and_response.erb (1.1ms)
  Rendered /Users/ctford/.rvm/gems/ruby-1.9.3-p385/gems/actionpack-3.2.12/lib/action_dispatch/middleware/templates/rescues/template_error.erb within rescues/layout (11.1ms)


Started GET "/sayhello/to/chris" for 127.0.0.1 at 2013-07-05 18:28:57 +0300
Processing by SayHelloController#say_hello_to as HTML
  Parameters: {"name"=>"chris"}
  Rendered say_hello/_some_partial.html.erb (0.0ms)
  Rendered shared/_shared_partial.html.erb (0.0ms)
  Rendered shared/_shared_partial.html.erb (0.0ms)
  Rendered say_hello/_partial_with_variables.html.erb (0.0ms)
  Rendered say_hello/say_hello.html.erb within layouts/application (3.7ms)
Completed 200 OK in 7ms (Views: 7.0ms | ActiveRecord: 0.0ms)


Started GET "/assets/jquery.js?body=1" for 127.0.0.1 at 2013-07-05 18:28:57 +0300
Served asset /jquery.js - 304 Not Modified (0ms)


Started GET "/assets/application.js?body=1" for 127.0.0.1 at 2013-07-05 18:28:57 +0300
Served asset /application.js - 304 Not Modified (0ms)


Started GET "/assets/jquery_ujs.js?body=1" for 127.0.0.1 at 2013-07-05 18:28:57 +0300
Served asset /jquery_ujs.js - 304 Not Modified (0ms)


Started GET "/sayhello/to/chris" for 127.0.0.1 at 2013-07-05 18:29:58 +0300
Processing by SayHelloController#say_hello_to as HTML
  Parameters: {"name"=>"chris"}
  Rendered say_hello/_some_partial.html.erb (0.0ms)
  Rendered shared/_shared_partial.html.erb (0.0ms)
  Rendered shared/_shared_partial.html.erb (0.0ms)
  Rendered say_hello/_partial_with_variables.html.erb (0.0ms)
  Rendered say_hello/say_hello.html.erb within layouts/application (3.7ms)
Completed 200 OK in 22ms (Views: 22.2ms | ActiveRecord: 0.0ms)


Started GET "/assets/jquery.js?body=1" for 127.0.0.1 at 2013-07-05 18:29:58 +0300
Served asset /jquery.js - 304 Not Modified (0ms)


Started GET "/assets/application.js?body=1" for 127.0.0.1 at 2013-07-05 18:29:58 +0300
Served asset /application.js - 304 Not Modified (0ms)


Started GET "/assets/jquery_ujs.js?body=1" for 127.0.0.1 at 2013-07-05 18:29:58 +0300
Served asset /jquery_ujs.js - 304 Not Modified (0ms)


Started GET "/sayhello/to/akash" for 127.0.0.1 at 2013-07-05 18:30:01 +0300
Processing by SayHelloController#say_hello_to as HTML
  Parameters: {"name"=>"akash"}
  Rendered say_hello/_some_partial.html.erb (0.0ms)
  Rendered shared/_shared_partial.html.erb (0.0ms)
  Rendered shared/_shared_partial.html.erb (0.0ms)
  Rendered say_hello/_partial_with_variables.html.erb (0.0ms)
  Rendered say_hello/say_hello.html.erb within layouts/application (4.2ms)
Completed 200 OK in 10ms (Views: 9.4ms | ActiveRecord: 0.0ms)


Started GET "/assets/jquery.js?body=1" for 127.0.0.1 at 2013-07-05 18:30:01 +0300
Served asset /jquery.js - 304 Not Modified (0ms)


Started GET "/assets/jquery_ujs.js?body=1" for 127.0.0.1 at 2013-07-05 18:30:01 +0300
Served asset /jquery_ujs.js - 304 Not Modified (0ms)


Started GET "/assets/application.js?body=1" for 127.0.0.1 at 2013-07-05 18:30:01 +0300
Served asset /application.js - 304 Not Modified (0ms)


Started GET "/sayhello/2/3" for 127.0.0.1 at 2013-07-05 18:39:16 +0300
Processing by SayHelloController#say_hello_number as HTML
  Parameters: {"a"=>"2", "b"=>"3"}
Completed 500 Internal Server Error in 2ms

ActionView::MissingTemplate (Missing template say_hello/say_hello_number, application/say_hello_number with {:locale=>[:en], :formats=>[:html], :handlers=>[:erb, :builder, :coffee]}. Searched in:
  * "/Users/ctford/Workspace/girlgeekkampala/rubyfridays/app/views"
):
  app/controllers/say_hello_controller.rb:10:in `say_hello_number'


  Rendered /Users/ctford/.rvm/gems/ruby-1.9.3-p385/gems/actionpack-3.2.12/lib/action_dispatch/middleware/templates/rescues/missing_template.erb within rescues/layout (0.7ms)


Started GET "/" for 127.0.0.1 at 2013-08-20 20:45:10 +0300
Connecting to database specified by database.yml
Processing by HomeController#index as HTML
  Rendered home/index.html.erb within layouts/application (3.1ms)
Compiled jquery.js  (2ms)  (pid 6201)
Compiled jquery_ujs.js  (0ms)  (pid 6201)
Completed 200 OK in 97ms (Views: 96.6ms | ActiveRecord: 0.0ms)


Started GET "/assets/jquery.js?body=1" for 127.0.0.1 at 2013-08-20 20:45:11 +0300
Served asset /jquery.js - 200 OK (13ms)


Started GET "/assets/application.css?body=1" for 127.0.0.1 at 2013-08-20 20:45:11 +0300
Served asset /application.css - 200 OK (3ms)


Started GET "/assets/application.js?body=1" for 127.0.0.1 at 2013-08-20 20:45:11 +0300
Served asset /application.js - 200 OK (7ms)


Started GET "/assets/jquery_ujs.js?body=1" for 127.0.0.1 at 2013-08-20 20:45:11 +0300
Served asset /jquery_ujs.js - 200 OK (5ms)


Started GET "/sayhello/to/akash" for 127.0.0.1 at 2013-08-20 20:51:51 +0300
Connecting to database specified by database.yml
Processing by SayHelloController#say_hello_to as HTML
  Parameters: {"name"=>"akash"}
  Rendered say_hello/_some_partial.html.erb (0.4ms)
  Rendered shared/_shared_partial.html.erb (0.2ms)
  Rendered shared/_shared_partial.html.erb (0.0ms)
  Rendered say_hello/_partial_with_variables.html.erb (0.3ms)
  Rendered say_hello/say_hello.html.erb within layouts/application (14.1ms)
Completed 200 OK in 34ms (Views: 34.0ms | ActiveRecord: 0.0ms)


Started GET "/assets/application.css?body=1" for 127.0.0.1 at 2013-08-20 20:51:51 +0300
Served asset /application.css - 304 Not Modified (5ms)


Started GET "/assets/jquery_ujs.js?body=1" for 127.0.0.1 at 2013-08-20 20:51:51 +0300
Served asset /jquery_ujs.js - 304 Not Modified (3ms)


Started GET "/assets/jquery.js?body=1" for 127.0.0.1 at 2013-08-20 20:51:51 +0300
Served asset /jquery.js - 304 Not Modified (49ms)


Started GET "/assets/application.js?body=1" for 127.0.0.1 at 2013-08-20 20:51:51 +0300
Served asset /application.js - 304 Not Modified (7ms)
